<?xml version="1.0" encoding="UTF-8"?>
<coverage generated="1497242192277" clover="3.2.0">
  <project timestamp="1497242192278" name="All files">
    <metrics statements="19" coveredstatements="14" conditionals="6" coveredconditionals="4" methods="8" coveredmethods="6" elements="33" coveredelements="24" complexity="0" loc="19" ncloc="19" packages="5" files="5" classes="5">
      <package name="src">
        <metrics statements="0" coveredstatements="0" conditionals="0" coveredconditionals="0" methods="0" coveredmethods="0"/>
        <file name="history.js" path="/Users/andeladeveloper/Documents/projects/news-feed-application/src/history.js">
          <metrics statements="0" coveredstatements="0" conditionals="0" coveredconditionals="0" methods="0" coveredmethods="0"/>
        </file>
      </package>
      <package name="src.actions">
        <metrics statements="3" coveredstatements="2" conditionals="0" coveredconditionals="0" methods="2" coveredmethods="1"/>
        <file name="AuthActions.js" path="/Users/andeladeveloper/Documents/projects/news-feed-application/src/actions/AuthActions.js">
          <metrics statements="3" coveredstatements="2" conditionals="0" coveredconditionals="0" methods="2" coveredmethods="1"/>
          <line num="5" count="1" type="stmt"/>
          <line num="11" count="0" type="stmt"/>
          <line num="17" count="2" type="stmt"/>
        </file>
      </package>
      <package name="src.components.header">
        <metrics statements="10" coveredstatements="6" conditionals="6" coveredconditionals="4" methods="3" coveredmethods="2"/>
        <file name="Nav.jsx" path="/Users/andeladeveloper/Documents/projects/news-feed-application/src/components/header/Nav.jsx">
          <metrics statements="10" coveredstatements="6" conditionals="6" coveredconditionals="4" methods="3" coveredmethods="2"/>
          <line num="9" count="7" type="stmt"/>
          <line num="10" count="7" type="stmt"/>
          <line num="13" count="7" type="stmt"/>
          <line num="17" count="0" type="cond" truecount="0" falsecount="2"/>
          <line num="18" count="0" type="stmt"/>
          <line num="19" count="0" type="stmt"/>
          <line num="22" count="0" type="stmt"/>
          <line num="27" count="7" type="stmt"/>
          <line num="28" count="7" type="stmt"/>
          <line num="77" count="1" type="stmt"/>
        </file>
      </package>
      <package name="src.components.home">
        <metrics statements="6" coveredstatements="6" conditionals="0" coveredconditionals="0" methods="3" coveredmethods="3"/>
        <file name="Home.jsx" path="/Users/andeladeveloper/Documents/projects/news-feed-application/src/components/home/Home.jsx">
          <metrics statements="6" coveredstatements="6" conditionals="0" coveredconditionals="0" methods="3" coveredmethods="3"/>
          <line num="7" count="7" type="stmt"/>
          <line num="8" count="7" type="stmt"/>
          <line num="11" count="7" type="stmt"/>
          <line num="15" count="1" type="stmt"/>
          <line num="16" count="1" type="stmt"/>
          <line num="22" count="8" type="stmt"/>
        </file>
      </package>
      <package name="src.dispatcher">
        <metrics statements="0" coveredstatements="0" conditionals="0" coveredconditionals="0" methods="0" coveredmethods="0"/>
        <file name="AppDispatcher.js" path="/Users/andeladeveloper/Documents/projects/news-feed-application/src/dispatcher/AppDispatcher.js">
          <metrics statements="0" coveredstatements="0" conditionals="0" coveredconditionals="0" methods="0" coveredmethods="0"/>
        </file>
      </package>
    </metrics>
  </project>
</coverage>
