{"/Users/andeladeveloper/Documents/projects/news-feed-application/src/history.js": {"path":"/Users/andeladeveloper/Documents/projects/news-feed-application/src/history.js","statementMap":{},"fnMap":{},"branchMap":{},"s":{},"f":{},"b":{},"_coverageSchema":"332fd63041d2c1bcb487cc26dd0d5f7d97098a6c","hash":"9b6d8d5a1a05042841906a172f29f68aa2ac2e6a"}

,"/Users/andeladeveloper/Documents/projects/news-feed-application/src/actions/NewsActions.js": {"path":"/Users/andeladeveloper/Documents/projects/news-feed-application/src/actions/NewsActions.js","statementMap":{"0":{"start":{"line":6,"column":2},"end":{"line":14,"column":7}},"1":{"start":{"line":7,"column":20},"end":{"line":10,"column":5}},"2":{"start":{"line":11,"column":21},"end":{"line":14,"column":5}},"3":{"start":{"line":18,"column":2},"end":{"line":26,"column":7}},"4":{"start":{"line":19,"column":20},"end":{"line":22,"column":5}},"5":{"start":{"line":23,"column":21},"end":{"line":26,"column":5}},"6":{"start":{"line":30,"column":20},"end":{"line":30,"column":37}}},"fnMap":{"0":{"name":"(anonymous_0)","decl":{"start":{"line":5,"column":1},"end":{"line":5,"column":2}},"loc":{"start":{"line":5,"column":18},"end":{"line":15,"column":2}},"line":5},"1":{"name":"(anonymous_1)","decl":{"start":{"line":7,"column":9},"end":{"line":7,"column":10}},"loc":{"start":{"line":7,"column":20},"end":{"line":10,"column":5}},"line":7},"2":{"name":"(anonymous_2)","decl":{"start":{"line":11,"column":10},"end":{"line":11,"column":11}},"loc":{"start":{"line":11,"column":21},"end":{"line":14,"column":5}},"line":11},"3":{"name":"(anonymous_3)","decl":{"start":{"line":17,"column":1},"end":{"line":17,"column":2}},"loc":{"start":{"line":17,"column":30},"end":{"line":27,"column":2}},"line":17},"4":{"name":"(anonymous_4)","decl":{"start":{"line":19,"column":9},"end":{"line":19,"column":10}},"loc":{"start":{"line":19,"column":20},"end":{"line":22,"column":5}},"line":19},"5":{"name":"(anonymous_5)","decl":{"start":{"line":23,"column":10},"end":{"line":23,"column":11}},"loc":{"start":{"line":23,"column":21},"end":{"line":26,"column":5}},"line":23}},"branchMap":{},"s":{"0":6,"1":0,"2":3,"3":2,"4":0,"5":1,"6":2},"f":{"0":6,"1":0,"2":3,"3":2,"4":0,"5":1},"b":{},"_coverageSchema":"332fd63041d2c1bcb487cc26dd0d5f7d97098a6c","hash":"9c0d79f59129bacfd92dc0bb4f499a909892b61f"}
,"/Users/andeladeveloper/Documents/projects/news-feed-application/src/components/Headline.jsx": {"path":"/Users/andeladeveloper/Documents/projects/news-feed-application/src/components/Headline.jsx","statementMap":{"0":{"start":{"line":7,"column":24},"end":{"line":7,"column":34}},"1":{"start":{"line":8,"column":2},"end":{"line":38,"column":4}},"2":{"start":{"line":11,"column":5},"end":{"line":35,"column":7}},"3":{"start":{"line":42,"column":0},"end":{"line":44,"column":1}}},"fnMap":{"0":{"name":"(anonymous_0)","decl":{"start":{"line":6,"column":1},"end":{"line":6,"column":2}},"loc":{"start":{"line":6,"column":10},"end":{"line":39,"column":2}},"line":6},"1":{"name":"(anonymous_1)","decl":{"start":{"line":10,"column":21},"end":{"line":10,"column":22}},"loc":{"start":{"line":10,"column":34},"end":{"line":36,"column":5}},"line":10}},"branchMap":{},"s":{"0":2,"1":2,"2":0,"3":2},"f":{"0":2,"1":0},"b":{},"_coverageSchema":"332fd63041d2c1bcb487cc26dd0d5f7d97098a6c","hash":"73f10669ac274cf366fa1d871536d8100afae27b"}
,"/Users/andeladeveloper/Documents/projects/news-feed-application/src/components/NewsFeeds.jsx": {"path":"/Users/andeladeveloper/Documents/projects/news-feed-application/src/components/NewsFeeds.jsx","statementMap":{"0":{"start":{"line":12,"column":14},"end":{"line":12,"column":26}},"1":{"start":{"line":13,"column":18},"end":{"line":13,"column":34}},"2":{"start":{"line":14,"column":1},"end":{"line":47,"column":3}},"3":{"start":{"line":21,"column":7},"end":{"line":21,"column":76}},"4":{"start":{"line":23,"column":7},"end":{"line":42,"column":13}},"5":{"start":{"line":32,"column":9},"end":{"line":40,"column":10}},"6":{"start":{"line":50,"column":0},"end":{"line":53,"column":1}},"7":{"start":{"line":57,"column":2},"end":{"line":57,"column":15}},"8":{"start":{"line":58,"column":2},"end":{"line":62,"column":4}},"9":{"start":{"line":63,"column":2},"end":{"line":63,"column":55}},"10":{"start":{"line":64,"column":2},"end":{"line":64,"column":43}},"11":{"start":{"line":68,"column":2},"end":{"line":68,"column":31}},"12":{"start":{"line":69,"column":2},"end":{"line":69,"column":31}},"13":{"start":{"line":70,"column":2},"end":{"line":70,"column":25}},"14":{"start":{"line":74,"column":2},"end":{"line":74,"column":58}},"15":{"start":{"line":78,"column":2},"end":{"line":78,"column":45}},"16":{"start":{"line":82,"column":2},"end":{"line":84,"column":4}},"17":{"start":{"line":88,"column":2},"end":{"line":90,"column":4}},"18":{"start":{"line":94,"column":2},"end":{"line":120,"column":4}}},"fnMap":{"0":{"name":"Source","decl":{"start":{"line":11,"column":9},"end":{"line":11,"column":15}},"loc":{"start":{"line":11,"column":23},"end":{"line":48,"column":1}},"line":11},"1":{"name":"(anonymous_1)","decl":{"start":{"line":20,"column":6},"end":{"line":20,"column":7}},"loc":{"start":{"line":20,"column":19},"end":{"line":22,"column":7}},"line":20},"2":{"name":"(anonymous_2)","decl":{"start":{"line":22,"column":13},"end":{"line":22,"column":14}},"loc":{"start":{"line":23,"column":7},"end":{"line":42,"column":13}},"line":23},"3":{"name":"(anonymous_3)","decl":{"start":{"line":31,"column":38},"end":{"line":31,"column":39}},"loc":{"start":{"line":31,"column":50},"end":{"line":41,"column":9}},"line":31},"4":{"name":"(anonymous_4)","decl":{"start":{"line":56,"column":1},"end":{"line":56,"column":2}},"loc":{"start":{"line":56,"column":20},"end":{"line":65,"column":2}},"line":56},"5":{"name":"(anonymous_5)","decl":{"start":{"line":67,"column":1},"end":{"line":67,"column":2}},"loc":{"start":{"line":67,"column":21},"end":{"line":71,"column":2}},"line":67},"6":{"name":"(anonymous_6)","decl":{"start":{"line":73,"column":1},"end":{"line":73,"column":2}},"loc":{"start":{"line":73,"column":24},"end":{"line":75,"column":2}},"line":73},"7":{"name":"(anonymous_7)","decl":{"start":{"line":77,"column":1},"end":{"line":77,"column":2}},"loc":{"start":{"line":77,"column":19},"end":{"line":79,"column":2}},"line":77},"8":{"name":"(anonymous_8)","decl":{"start":{"line":81,"column":1},"end":{"line":81,"column":2}},"loc":{"start":{"line":81,"column":13},"end":{"line":85,"column":2}},"line":81},"9":{"name":"(anonymous_9)","decl":{"start":{"line":87,"column":1},"end":{"line":87,"column":2}},"loc":{"start":{"line":87,"column":18},"end":{"line":91,"column":2}},"line":87},"10":{"name":"(anonymous_10)","decl":{"start":{"line":93,"column":1},"end":{"line":93,"column":2}},"loc":{"start":{"line":93,"column":10},"end":{"line":121,"column":2}},"line":93}},"branchMap":{"0":{"loc":{"start":{"line":110,"column":9},"end":{"line":114,"column":10}},"type":"cond-expr","locations":[{"start":{"line":110,"column":34},"end":{"line":110,"column":68}},{"start":{"line":111,"column":9},"end":{"line":114,"column":10}}],"line":110}},"s":{"0":4,"1":4,"2":4,"3":0,"4":0,"5":0,"6":1,"7":4,"8":4,"9":4,"10":4,"11":3,"12":3,"13":3,"14":0,"15":3,"16":1,"17":0,"18":6},"f":{"0":4,"1":0,"2":0,"3":0,"4":4,"5":3,"6":0,"7":3,"8":1,"9":0,"10":6},"b":{"0":[0,6]},"_coverageSchema":"332fd63041d2c1bcb487cc26dd0d5f7d97098a6c","hash":"62e790d40e5b6de98e6bc453a079e9575bafd3f6"}
,"/Users/andeladeveloper/Documents/projects/news-feed-application/src/components/NewsHeadline.jsx": {"path":"/Users/andeladeveloper/Documents/projects/news-feed-application/src/components/NewsHeadline.jsx","statementMap":{"0":{"start":{"line":8,"column":2},"end":{"line":8,"column":15}},"1":{"start":{"line":9,"column":2},"end":{"line":11,"column":4}},"2":{"start":{"line":12,"column":2},"end":{"line":12,"column":53}},"3":{"start":{"line":16,"column":2},"end":{"line":16,"column":91}},"4":{"start":{"line":17,"column":2},"end":{"line":17,"column":25}},"5":{"start":{"line":21,"column":2},"end":{"line":21,"column":59}},"6":{"start":{"line":25,"column":2},"end":{"line":25,"column":47}},"7":{"start":{"line":29,"column":2},"end":{"line":31,"column":4}},"8":{"start":{"line":35,"column":2},"end":{"line":52,"column":4}}},"fnMap":{"0":{"name":"(anonymous_0)","decl":{"start":{"line":7,"column":1},"end":{"line":7,"column":2}},"loc":{"start":{"line":7,"column":20},"end":{"line":13,"column":2}},"line":7},"1":{"name":"(anonymous_1)","decl":{"start":{"line":15,"column":1},"end":{"line":15,"column":2}},"loc":{"start":{"line":15,"column":21},"end":{"line":18,"column":2}},"line":15},"2":{"name":"(anonymous_2)","decl":{"start":{"line":20,"column":1},"end":{"line":20,"column":2}},"loc":{"start":{"line":20,"column":24},"end":{"line":22,"column":2}},"line":20},"3":{"name":"(anonymous_3)","decl":{"start":{"line":24,"column":1},"end":{"line":24,"column":2}},"loc":{"start":{"line":24,"column":19},"end":{"line":26,"column":2}},"line":24},"4":{"name":"(anonymous_4)","decl":{"start":{"line":28,"column":1},"end":{"line":28,"column":2}},"loc":{"start":{"line":28,"column":17},"end":{"line":32,"column":2}},"line":28},"5":{"name":"(anonymous_5)","decl":{"start":{"line":34,"column":1},"end":{"line":34,"column":2}},"loc":{"start":{"line":34,"column":10},"end":{"line":53,"column":2}},"line":34}},"branchMap":{"0":{"loc":{"start":{"line":41,"column":9},"end":{"line":45,"column":11}},"type":"cond-expr","locations":[{"start":{"line":42,"column":9},"end":{"line":42,"column":44}},{"start":{"line":43,"column":9},"end":{"line":45,"column":11}}],"line":41}},"s":{"0":2,"1":2,"2":2,"3":2,"4":2,"5":0,"6":2,"7":0,"8":2},"f":{"0":2,"1":2,"2":0,"3":2,"4":0,"5":2},"b":{"0":[2,0]},"_coverageSchema":"332fd63041d2c1bcb487cc26dd0d5f7d97098a6c","hash":"85caa82007e9aa316449567526c7194b08b1641b"}
,"/Users/andeladeveloper/Documents/projects/news-feed-application/src/components/header/Nav.jsx": {"path":"/Users/andeladeveloper/Documents/projects/news-feed-application/src/components/header/Nav.jsx","statementMap":{"0":{"start":{"line":9,"column":2},"end":{"line":9,"column":14}},"1":{"start":{"line":10,"column":2},"end":{"line":12,"column":3}},"2":{"start":{"line":13,"column":2},"end":{"line":13,"column":39}},"3":{"start":{"line":17,"column":2},"end":{"line":23,"column":3}},"4":{"start":{"line":18,"column":3},"end":{"line":18,"column":17}},"5":{"start":{"line":19,"column":3},"end":{"line":21,"column":5}},"6":{"start":{"line":22,"column":3},"end":{"line":22,"column":21}},"7":{"start":{"line":27,"column":38},"end":{"line":27,"column":48}},"8":{"start":{"line":28,"column":2},"end":{"line":71,"column":4}},"9":{"start":{"line":77,"column":0},"end":{"line":80,"column":1}}},"fnMap":{"0":{"name":"(anonymous_0)","decl":{"start":{"line":8,"column":1},"end":{"line":8,"column":2}},"loc":{"start":{"line":8,"column":20},"end":{"line":14,"column":2}},"line":8},"1":{"name":"(anonymous_1)","decl":{"start":{"line":16,"column":1},"end":{"line":16,"column":2}},"loc":{"start":{"line":16,"column":10},"end":{"line":24,"column":2}},"line":16},"2":{"name":"(anonymous_2)","decl":{"start":{"line":26,"column":1},"end":{"line":26,"column":2}},"loc":{"start":{"line":26,"column":10},"end":{"line":72,"column":2}},"line":26}},"branchMap":{"0":{"loc":{"start":{"line":17,"column":2},"end":{"line":23,"column":3}},"type":"if","locations":[{"start":{"line":17,"column":2},"end":{"line":23,"column":3}},{"start":{"line":17,"column":2},"end":{"line":23,"column":3}}],"line":17},"1":{"loc":{"start":{"line":42,"column":8},"end":{"line":53,"column":13}},"type":"cond-expr","locations":[{"start":{"line":43,"column":8},"end":{"line":47,"column":13}},{"start":{"line":49,"column":8},"end":{"line":53,"column":13}}],"line":42},"2":{"loc":{"start":{"line":57,"column":8},"end":{"line":65,"column":13}},"type":"binary-expr","locations":[{"start":{"line":57,"column":8},"end":{"line":57,"column":20}},{"start":{"line":58,"column":8},"end":{"line":65,"column":13}}],"line":57}},"s":{"0":2,"1":2,"2":2,"3":0,"4":0,"5":0,"6":0,"7":2,"8":2,"9":1},"f":{"0":2,"1":0,"2":2},"b":{"0":[0,0],"1":[2,0],"2":[2,0]},"_coverageSchema":"332fd63041d2c1bcb487cc26dd0d5f7d97098a6c","hash":"f8619ae8c5a1e731748eb5a447c7b134c685e12a"}
,"/Users/andeladeveloper/Documents/projects/news-feed-application/src/components/home/Home.jsx": {"path":"/Users/andeladeveloper/Documents/projects/news-feed-application/src/components/home/Home.jsx","statementMap":{"0":{"start":{"line":6,"column":2},"end":{"line":6,"column":15}},"1":{"start":{"line":7,"column":2},"end":{"line":10,"column":4}},"2":{"start":{"line":11,"column":2},"end":{"line":11,"column":37}},"3":{"start":{"line":15,"column":2},"end":{"line":20,"column":5}},"4":{"start":{"line":16,"column":3},"end":{"line":19,"column":6}},"5":{"start":{"line":24,"column":2},"end":{"line":39,"column":4}}},"fnMap":{"0":{"name":"(anonymous_0)","decl":{"start":{"line":5,"column":1},"end":{"line":5,"column":2}},"loc":{"start":{"line":5,"column":20},"end":{"line":12,"column":2}},"line":5},"1":{"name":"(anonymous_1)","decl":{"start":{"line":14,"column":1},"end":{"line":14,"column":2}},"loc":{"start":{"line":14,"column":9},"end":{"line":21,"column":2}},"line":14},"2":{"name":"(anonymous_2)","decl":{"start":{"line":15,"column":20},"end":{"line":15,"column":21}},"loc":{"start":{"line":15,"column":30},"end":{"line":20,"column":3}},"line":15},"3":{"name":"(anonymous_3)","decl":{"start":{"line":23,"column":1},"end":{"line":23,"column":2}},"loc":{"start":{"line":23,"column":10},"end":{"line":40,"column":2}},"line":23}},"branchMap":{},"s":{"0":7,"1":7,"2":7,"3":1,"4":1,"5":8},"f":{"0":7,"1":1,"2":1,"3":8},"b":{},"_coverageSchema":"332fd63041d2c1bcb487cc26dd0d5f7d97098a6c","hash":"eccef24b85adb889a0cb7e540107d2f893819fb8"}
,"/Users/andeladeveloper/Documents/projects/news-feed-application/src/config/firebase-config.js": {"path":"/Users/andeladeveloper/Documents/projects/news-feed-application/src/config/firebase-config.js","statementMap":{"0":{"start":{"line":4,"column":15},"end":{"line":11,"column":1}},"1":{"start":{"line":13,"column":0},"end":{"line":13,"column":31}},"2":{"start":{"line":15,"column":28},"end":{"line":15,"column":43}},"3":{"start":{"line":16,"column":24},"end":{"line":16,"column":62}}},"fnMap":{},"branchMap":{},"s":{"0":2,"1":2,"2":2,"3":2},"f":{},"b":{},"_coverageSchema":"332fd63041d2c1bcb487cc26dd0d5f7d97098a6c","hash":"e3c7ab475a228035b2faf5eaad7f4f97c27fd02d"}
,"/Users/andeladeveloper/Documents/projects/news-feed-application/src/actions/AuthActions.js": {"path":"/Users/andeladeveloper/Documents/projects/news-feed-application/src/actions/AuthActions.js","statementMap":{"0":{"start":{"line":5,"column":2},"end":{"line":7,"column":4}},"1":{"start":{"line":11,"column":2},"end":{"line":13,"column":4}},"2":{"start":{"line":17,"column":20},"end":{"line":17,"column":37}}},"fnMap":{"0":{"name":"(anonymous_0)","decl":{"start":{"line":4,"column":1},"end":{"line":4,"column":2}},"loc":{"start":{"line":4,"column":8},"end":{"line":8,"column":2}},"line":4},"1":{"name":"(anonymous_1)","decl":{"start":{"line":10,"column":1},"end":{"line":10,"column":2}},"loc":{"start":{"line":10,"column":10},"end":{"line":14,"column":2}},"line":10}},"branchMap":{},"s":{"0":1,"1":0,"2":2},"f":{"0":1,"1":0},"b":{},"_coverageSchema":"332fd63041d2c1bcb487cc26dd0d5f7d97098a6c","hash":"4fa1fb7a4b8b73e70945c01b258afc1437c02ccc"}
,"/Users/andeladeveloper/Documents/projects/news-feed-application/src/components/header/Nav.jsx": {"path":"/Users/andeladeveloper/Documents/projects/news-feed-application/src/components/header/Nav.jsx","statementMap":{"0":{"start":{"line":9,"column":2},"end":{"line":9,"column":14}},"1":{"start":{"line":10,"column":2},"end":{"line":12,"column":3}},"2":{"start":{"line":13,"column":2},"end":{"line":13,"column":39}},"3":{"start":{"line":17,"column":2},"end":{"line":23,"column":3}},"4":{"start":{"line":18,"column":3},"end":{"line":18,"column":24}},"5":{"start":{"line":19,"column":3},"end":{"line":21,"column":5}},"6":{"start":{"line":22,"column":3},"end":{"line":22,"column":21}},"7":{"start":{"line":27,"column":38},"end":{"line":27,"column":48}},"8":{"start":{"line":28,"column":2},"end":{"line":71,"column":4}},"9":{"start":{"line":77,"column":0},"end":{"line":80,"column":1}}},"fnMap":{"0":{"name":"(anonymous_0)","decl":{"start":{"line":8,"column":1},"end":{"line":8,"column":2}},"loc":{"start":{"line":8,"column":20},"end":{"line":14,"column":2}},"line":8},"1":{"name":"(anonymous_1)","decl":{"start":{"line":16,"column":1},"end":{"line":16,"column":2}},"loc":{"start":{"line":16,"column":10},"end":{"line":24,"column":2}},"line":16},"2":{"name":"(anonymous_2)","decl":{"start":{"line":26,"column":1},"end":{"line":26,"column":2}},"loc":{"start":{"line":26,"column":10},"end":{"line":72,"column":2}},"line":26}},"branchMap":{"0":{"loc":{"start":{"line":17,"column":2},"end":{"line":23,"column":3}},"type":"if","locations":[{"start":{"line":17,"column":2},"end":{"line":23,"column":3}},{"start":{"line":17,"column":2},"end":{"line":23,"column":3}}],"line":17},"1":{"loc":{"start":{"line":42,"column":8},"end":{"line":53,"column":13}},"type":"cond-expr","locations":[{"start":{"line":43,"column":8},"end":{"line":47,"column":13}},{"start":{"line":49,"column":8},"end":{"line":53,"column":13}}],"line":42},"2":{"loc":{"start":{"line":57,"column":8},"end":{"line":65,"column":13}},"type":"binary-expr","locations":[{"start":{"line":57,"column":8},"end":{"line":57,"column":20}},{"start":{"line":58,"column":8},"end":{"line":65,"column":13}}],"line":57}},"s":{"0":2,"1":2,"2":2,"3":0,"4":0,"5":0,"6":0,"7":2,"8":2,"9":1},"f":{"0":2,"1":0,"2":2},"b":{"0":[0,0],"1":[2,0],"2":[2,0]},"_coverageSchema":"332fd63041d2c1bcb487cc26dd0d5f7d97098a6c","hash":"e6a08ed969d02de89f3051ad4cd803f0d32b159f"}
,"/Users/andeladeveloper/Documents/projects/news-feed-application/src/components/home/Home.jsx": {"path":"/Users/andeladeveloper/Documents/projects/news-feed-application/src/components/home/Home.jsx","statementMap":{"0":{"start":{"line":7,"column":2},"end":{"line":7,"column":15}},"1":{"start":{"line":8,"column":2},"end":{"line":10,"column":4}},"2":{"start":{"line":11,"column":2},"end":{"line":11,"column":37}},"3":{"start":{"line":15,"column":2},"end":{"line":15,"column":22}},"4":{"start":{"line":16,"column":2},"end":{"line":18,"column":5}},"5":{"start":{"line":22,"column":2},"end":{"line":37,"column":4}}},"fnMap":{"0":{"name":"(anonymous_0)","decl":{"start":{"line":6,"column":1},"end":{"line":6,"column":2}},"loc":{"start":{"line":6,"column":20},"end":{"line":12,"column":2}},"line":6},"1":{"name":"(anonymous_1)","decl":{"start":{"line":14,"column":1},"end":{"line":14,"column":2}},"loc":{"start":{"line":14,"column":9},"end":{"line":19,"column":2}},"line":14},"2":{"name":"(anonymous_2)","decl":{"start":{"line":21,"column":1},"end":{"line":21,"column":2}},"loc":{"start":{"line":21,"column":10},"end":{"line":38,"column":2}},"line":21}},"branchMap":{},"s":{"0":7,"1":7,"2":7,"3":1,"4":1,"5":8},"f":{"0":7,"1":1,"2":8},"b":{},"_coverageSchema":"332fd63041d2c1bcb487cc26dd0d5f7d97098a6c","hash":"a4d8370c91f6477765c8d0f440787d927935fdd3"}
,"/Users/andeladeveloper/Documents/projects/news-feed-application/src/dispatcher/AppDispatcher.js": {"path":"/Users/andeladeveloper/Documents/projects/news-feed-application/src/dispatcher/AppDispatcher.js","statementMap":{},"fnMap":{},"branchMap":{},"s":{},"f":{},"b":{},"_coverageSchema":"332fd63041d2c1bcb487cc26dd0d5f7d97098a6c","hash":"ff65336acb5f7083dbe6dc042e59c903edc55327"}
,"/Users/andeladeveloper/Documents/projects/news-feed-application/src/helpers/auth.js": {"path":"/Users/andeladeveloper/Documents/projects/news-feed-application/src/helpers/auth.js","statementMap":{"0":{"start":{"line":5,"column":2},"end":{"line":5,"column":44}},"1":{"start":{"line":6,"column":2},"end":{"line":10,"column":5}},"2":{"start":{"line":7,"column":3},"end":{"line":7,"column":22}},"3":{"start":{"line":9,"column":3},"end":{"line":9,"column":16}},"4":{"start":{"line":14,"column":2},"end":{"line":14,"column":32}},"5":{"start":{"line":18,"column":13},"end":{"line":18,"column":23}}},"fnMap":{"0":{"name":"(anonymous_0)","decl":{"start":{"line":4,"column":1},"end":{"line":4,"column":2}},"loc":{"start":{"line":4,"column":9},"end":{"line":11,"column":2}},"line":4},"1":{"name":"(anonymous_1)","decl":{"start":{"line":6,"column":47},"end":{"line":6,"column":48}},"loc":{"start":{"line":6,"column":59},"end":{"line":8,"column":3}},"line":6},"2":{"name":"(anonymous_2)","decl":{"start":{"line":8,"column":11},"end":{"line":8,"column":12}},"loc":{"start":{"line":8,"column":27},"end":{"line":10,"column":3}},"line":8},"3":{"name":"(anonymous_3)","decl":{"start":{"line":13,"column":1},"end":{"line":13,"column":2}},"loc":{"start":{"line":13,"column":10},"end":{"line":15,"column":2}},"line":13}},"branchMap":{},"s":{"0":1,"1":1,"2":0,"3":1,"4":0,"5":2},"f":{"0":1,"1":0,"2":1,"3":0},"b":{},"_coverageSchema":"332fd63041d2c1bcb487cc26dd0d5f7d97098a6c","hash":"9dbc7fc987c7b1f28ba2f700cd7143f3dde3948c"}
,"/Users/andeladeveloper/Documents/projects/news-feed-application/src/stores/ArticlesStore.js": {"path":"/Users/andeladeveloper/Documents/projects/news-feed-application/src/stores/ArticlesStore.js","statementMap":{"0":{"start":{"line":6,"column":2},"end":{"line":6,"column":15}},"1":{"start":{"line":7,"column":2},"end":{"line":7,"column":24}},"2":{"start":{"line":11,"column":2},"end":{"line":11,"column":29}},"3":{"start":{"line":12,"column":2},"end":{"line":12,"column":22}},"4":{"start":{"line":16,"column":2},"end":{"line":16,"column":26}},"5":{"start":{"line":20,"column":2},"end":{"line":24,"column":3}},"6":{"start":{"line":22,"column":4},"end":{"line":22,"column":36}},"7":{"start":{"line":23,"column":4},"end":{"line":23,"column":10}},"8":{"start":{"line":28,"column":22},"end":{"line":28,"column":41}},"9":{"start":{"line":29,"column":0},"end":{"line":29,"column":72}}},"fnMap":{"0":{"name":"(anonymous_0)","decl":{"start":{"line":5,"column":1},"end":{"line":5,"column":2}},"loc":{"start":{"line":5,"column":20},"end":{"line":8,"column":2}},"line":5},"1":{"name":"(anonymous_1)","decl":{"start":{"line":10,"column":1},"end":{"line":10,"column":2}},"loc":{"start":{"line":10,"column":21},"end":{"line":13,"column":2}},"line":10},"2":{"name":"(anonymous_2)","decl":{"start":{"line":15,"column":1},"end":{"line":15,"column":2}},"loc":{"start":{"line":15,"column":14},"end":{"line":17,"column":2}},"line":15},"3":{"name":"(anonymous_3)","decl":{"start":{"line":19,"column":1},"end":{"line":19,"column":2}},"loc":{"start":{"line":19,"column":23},"end":{"line":25,"column":2}},"line":19}},"branchMap":{"0":{"loc":{"start":{"line":20,"column":2},"end":{"line":24,"column":3}},"type":"switch","locations":[{"start":{"line":21,"column":3},"end":{"line":23,"column":10}}],"line":20}},"s":{"0":2,"1":2,"2":1,"3":1,"4":2,"5":2,"6":1,"7":1,"8":2,"9":2},"f":{"0":2,"1":1,"2":2,"3":2},"b":{"0":[1]},"_coverageSchema":"332fd63041d2c1bcb487cc26dd0d5f7d97098a6c","hash":"a9ee093b63be332b69972a4084eee091b49b70a9"}
,"/Users/andeladeveloper/Documents/projects/news-feed-application/src/stores/NewsStore.js": {"path":"/Users/andeladeveloper/Documents/projects/news-feed-application/src/stores/NewsStore.js","statementMap":{"0":{"start":{"line":6,"column":2},"end":{"line":6,"column":10}},"1":{"start":{"line":7,"column":2},"end":{"line":7,"column":24}},"2":{"start":{"line":11,"column":2},"end":{"line":11,"column":29}},"3":{"start":{"line":15,"column":2},"end":{"line":15,"column":26}},"4":{"start":{"line":19,"column":2},"end":{"line":24,"column":3}},"5":{"start":{"line":21,"column":4},"end":{"line":21,"column":36}},"6":{"start":{"line":22,"column":4},"end":{"line":22,"column":24}},"7":{"start":{"line":23,"column":4},"end":{"line":23,"column":10}},"8":{"start":{"line":28,"column":18},"end":{"line":28,"column":33}},"9":{"start":{"line":29,"column":0},"end":{"line":29,"column":64}}},"fnMap":{"0":{"name":"(anonymous_0)","decl":{"start":{"line":5,"column":1},"end":{"line":5,"column":2}},"loc":{"start":{"line":5,"column":15},"end":{"line":8,"column":2}},"line":5},"1":{"name":"(anonymous_1)","decl":{"start":{"line":10,"column":1},"end":{"line":10,"column":2}},"loc":{"start":{"line":10,"column":21},"end":{"line":12,"column":2}},"line":10},"2":{"name":"(anonymous_2)","decl":{"start":{"line":14,"column":1},"end":{"line":14,"column":2}},"loc":{"start":{"line":14,"column":14},"end":{"line":16,"column":2}},"line":14},"3":{"name":"(anonymous_3)","decl":{"start":{"line":18,"column":1},"end":{"line":18,"column":2}},"loc":{"start":{"line":18,"column":23},"end":{"line":25,"column":2}},"line":18}},"branchMap":{"0":{"loc":{"start":{"line":19,"column":2},"end":{"line":24,"column":3}},"type":"switch","locations":[{"start":{"line":20,"column":3},"end":{"line":23,"column":10}}],"line":19}},"s":{"0":2,"1":2,"2":1,"3":6,"4":4,"5":1,"6":1,"7":1,"8":2,"9":2},"f":{"0":2,"1":1,"2":6,"3":4},"b":{"0":[1]},"_coverageSchema":"332fd63041d2c1bcb487cc26dd0d5f7d97098a6c","hash":"5a9b0aede053aab28d276b0a771b05c59c497e3f"}
,"/Users/andeladeveloper/Documents/projects/news-feed-application/src/utils/NewsApi.js": {"path":"/Users/andeladeveloper/Documents/projects/news-feed-application/src/utils/NewsApi.js","statementMap":{"0":{"start":{"line":5,"column":2},"end":{"line":6,"column":38}},"1":{"start":{"line":6,"column":18},"end":{"line":6,"column":37}},"2":{"start":{"line":10,"column":2},"end":{"line":11,"column":39}},"3":{"start":{"line":11,"column":18},"end":{"line":11,"column":38}},"4":{"start":{"line":15,"column":16},"end":{"line":15,"column":29}}},"fnMap":{"0":{"name":"(anonymous_0)","decl":{"start":{"line":4,"column":1},"end":{"line":4,"column":2}},"loc":{"start":{"line":4,"column":20},"end":{"line":7,"column":2}},"line":4},"1":{"name":"(anonymous_1)","decl":{"start":{"line":6,"column":8},"end":{"line":6,"column":9}},"loc":{"start":{"line":6,"column":18},"end":{"line":6,"column":37}},"line":6},"2":{"name":"(anonymous_2)","decl":{"start":{"line":9,"column":1},"end":{"line":9,"column":2}},"loc":{"start":{"line":9,"column":14},"end":{"line":12,"column":2}},"line":9},"3":{"name":"(anonymous_3)","decl":{"start":{"line":11,"column":8},"end":{"line":11,"column":9}},"loc":{"start":{"line":11,"column":18},"end":{"line":11,"column":38}},"line":11}},"branchMap":{},"s":{"0":6,"1":0,"2":2,"3":0,"4":2},"f":{"0":6,"1":0,"2":2,"3":0},"b":{},"_coverageSchema":"332fd63041d2c1bcb487cc26dd0d5f7d97098a6c","hash":"c963ef18fd765e27b8feb1bba242f0de6a045d96"}
}
