{"/Users/andeladeveloper/Documents/projects/news-feed-application/src/history.js": {"path":"/Users/andeladeveloper/Documents/projects/news-feed-application/src/history.js","statementMap":{},"fnMap":{},"branchMap":{},"s":{},"f":{},"b":{},"_coverageSchema":"332fd63041d2c1bcb487cc26dd0d5f7d97098a6c","hash":"9b6d8d5a1a05042841906a172f29f68aa2ac2e6a"}
,"/Users/andeladeveloper/Documents/projects/news-feed-application/src/actions/AuthActions.js": {"path":"/Users/andeladeveloper/Documents/projects/news-feed-application/src/actions/AuthActions.js","statementMap":{"0":{"start":{"line":5,"column":2},"end":{"line":7,"column":4}},"1":{"start":{"line":11,"column":2},"end":{"line":13,"column":4}},"2":{"start":{"line":17,"column":20},"end":{"line":17,"column":37}}},"fnMap":{"0":{"name":"(anonymous_0)","decl":{"start":{"line":4,"column":1},"end":{"line":4,"column":2}},"loc":{"start":{"line":4,"column":8},"end":{"line":8,"column":2}},"line":4},"1":{"name":"(anonymous_1)","decl":{"start":{"line":10,"column":1},"end":{"line":10,"column":2}},"loc":{"start":{"line":10,"column":10},"end":{"line":14,"column":2}},"line":10}},"branchMap":{},"s":{"0":1,"1":0,"2":2},"f":{"0":1,"1":0},"b":{},"_coverageSchema":"332fd63041d2c1bcb487cc26dd0d5f7d97098a6c","hash":"4fa1fb7a4b8b73e70945c01b258afc1437c02ccc"}
,"/Users/andeladeveloper/Documents/projects/news-feed-application/src/components/header/Nav.jsx": {"path":"/Users/andeladeveloper/Documents/projects/news-feed-application/src/components/header/Nav.jsx","statementMap":{"0":{"start":{"line":9,"column":2},"end":{"line":9,"column":14}},"1":{"start":{"line":10,"column":2},"end":{"line":12,"column":3}},"2":{"start":{"line":13,"column":2},"end":{"line":13,"column":39}},"3":{"start":{"line":17,"column":2},"end":{"line":23,"column":3}},"4":{"start":{"line":18,"column":3},"end":{"line":18,"column":24}},"5":{"start":{"line":19,"column":3},"end":{"line":21,"column":5}},"6":{"start":{"line":22,"column":3},"end":{"line":22,"column":21}},"7":{"start":{"line":27,"column":38},"end":{"line":27,"column":48}},"8":{"start":{"line":28,"column":2},"end":{"line":71,"column":4}},"9":{"start":{"line":77,"column":0},"end":{"line":80,"column":1}}},"fnMap":{"0":{"name":"(anonymous_0)","decl":{"start":{"line":8,"column":1},"end":{"line":8,"column":2}},"loc":{"start":{"line":8,"column":20},"end":{"line":14,"column":2}},"line":8},"1":{"name":"(anonymous_1)","decl":{"start":{"line":16,"column":1},"end":{"line":16,"column":2}},"loc":{"start":{"line":16,"column":10},"end":{"line":24,"column":2}},"line":16},"2":{"name":"(anonymous_2)","decl":{"start":{"line":26,"column":1},"end":{"line":26,"column":2}},"loc":{"start":{"line":26,"column":10},"end":{"line":72,"column":2}},"line":26}},"branchMap":{"0":{"loc":{"start":{"line":17,"column":2},"end":{"line":23,"column":3}},"type":"if","locations":[{"start":{"line":17,"column":2},"end":{"line":23,"column":3}},{"start":{"line":17,"column":2},"end":{"line":23,"column":3}}],"line":17},"1":{"loc":{"start":{"line":42,"column":8},"end":{"line":53,"column":13}},"type":"cond-expr","locations":[{"start":{"line":43,"column":8},"end":{"line":47,"column":13}},{"start":{"line":49,"column":8},"end":{"line":53,"column":13}}],"line":42},"2":{"loc":{"start":{"line":57,"column":8},"end":{"line":65,"column":13}},"type":"binary-expr","locations":[{"start":{"line":57,"column":8},"end":{"line":57,"column":20}},{"start":{"line":58,"column":8},"end":{"line":65,"column":13}}],"line":57}},"s":{"0":7,"1":7,"2":7,"3":0,"4":0,"5":0,"6":0,"7":7,"8":7,"9":1},"f":{"0":7,"1":0,"2":7},"b":{"0":[0,0],"1":[3,4],"2":[7,4]},"_coverageSchema":"332fd63041d2c1bcb487cc26dd0d5f7d97098a6c","hash":"e6a08ed969d02de89f3051ad4cd803f0d32b159f"}
,"/Users/andeladeveloper/Documents/projects/news-feed-application/src/components/home/Home.jsx": {"path":"/Users/andeladeveloper/Documents/projects/news-feed-application/src/components/home/Home.jsx","statementMap":{"0":{"start":{"line":7,"column":2},"end":{"line":7,"column":15}},"1":{"start":{"line":8,"column":2},"end":{"line":10,"column":4}},"2":{"start":{"line":11,"column":2},"end":{"line":11,"column":37}},"3":{"start":{"line":15,"column":2},"end":{"line":15,"column":22}},"4":{"start":{"line":16,"column":2},"end":{"line":18,"column":5}},"5":{"start":{"line":22,"column":2},"end":{"line":37,"column":4}}},"fnMap":{"0":{"name":"(anonymous_0)","decl":{"start":{"line":6,"column":1},"end":{"line":6,"column":2}},"loc":{"start":{"line":6,"column":20},"end":{"line":12,"column":2}},"line":6},"1":{"name":"(anonymous_1)","decl":{"start":{"line":14,"column":1},"end":{"line":14,"column":2}},"loc":{"start":{"line":14,"column":9},"end":{"line":19,"column":2}},"line":14},"2":{"name":"(anonymous_2)","decl":{"start":{"line":21,"column":1},"end":{"line":21,"column":2}},"loc":{"start":{"line":21,"column":10},"end":{"line":38,"column":2}},"line":21}},"branchMap":{},"s":{"0":7,"1":7,"2":7,"3":1,"4":1,"5":8},"f":{"0":7,"1":1,"2":8},"b":{},"_coverageSchema":"332fd63041d2c1bcb487cc26dd0d5f7d97098a6c","hash":"a4d8370c91f6477765c8d0f440787d927935fdd3"}
,"/Users/andeladeveloper/Documents/projects/news-feed-application/src/dispatcher/AppDispatcher.js": {"path":"/Users/andeladeveloper/Documents/projects/news-feed-application/src/dispatcher/AppDispatcher.js","statementMap":{},"fnMap":{},"branchMap":{},"s":{},"f":{},"b":{},"_coverageSchema":"332fd63041d2c1bcb487cc26dd0d5f7d97098a6c","hash":"ff65336acb5f7083dbe6dc042e59c903edc55327"}
}
