TN:
SF:/Users/andeladeveloper/Documents/projects/news-feed-application/src/history.js
FNF:0
FNH:0
LF:0
LH:0
BRF:0
BRH:0
end_of_record
TN:
SF:/Users/andeladeveloper/Documents/projects/news-feed-application/src/actions/AuthActions.js
FN:4,(anonymous_0)
FN:10,(anonymous_1)
FNF:2
FNH:1
FNDA:1,(anonymous_0)
FNDA:0,(anonymous_1)
DA:5,1
DA:11,0
DA:17,2
LF:3
LH:2
BRF:0
BRH:0
end_of_record
TN:
SF:/Users/andeladeveloper/Documents/projects/news-feed-application/src/components/header/Nav.jsx
FN:8,(anonymous_0)
FN:16,(anonymous_1)
FN:26,(anonymous_2)
FNF:3
FNH:2
FNDA:7,(anonymous_0)
FNDA:0,(anonymous_1)
FNDA:7,(anonymous_2)
DA:9,7
DA:10,7
DA:13,7
DA:17,0
DA:18,0
DA:19,0
DA:22,0
DA:27,7
DA:28,7
DA:77,1
LF:10
LH:6
BRDA:17,0,0,0
BRDA:17,0,1,0
BRDA:42,1,0,3
BRDA:42,1,1,4
BRDA:57,2,0,7
BRDA:57,2,1,4
BRF:6
BRH:4
end_of_record
TN:
SF:/Users/andeladeveloper/Documents/projects/news-feed-application/src/components/home/Home.jsx
FN:6,(anonymous_0)
FN:14,(anonymous_1)
FN:21,(anonymous_2)
FNF:3
FNH:3
FNDA:7,(anonymous_0)
FNDA:1,(anonymous_1)
FNDA:8,(anonymous_2)
DA:7,7
DA:8,7
DA:11,7
DA:15,1
DA:16,1
DA:22,8
LF:6
LH:6
BRF:0
BRH:0
end_of_record
TN:
SF:/Users/andeladeveloper/Documents/projects/news-feed-application/src/dispatcher/AppDispatcher.js
FNF:0
FNH:0
LF:0
LH:0
BRF:0
BRH:0
end_of_record
