TN:
SF:/Users/andeladeveloper/Documents/projects/news-feed-application/src/actions/AuthActions.js
FN:4,(anonymous_0)
FN:10,(anonymous_1)
FNF:2
FNH:0
FNDA:0,(anonymous_0)
FNDA:0,(anonymous_1)
DA:5,0
DA:11,0
DA:17,1
LF:3
LH:1
BRF:0
BRH:0
end_of_record
TN:
SF:/Users/andeladeveloper/Documents/projects/news-feed-application/src/components/home/Home.jsx
FN:6,(anonymous_0)
FN:14,(anonymous_1)
FN:21,(anonymous_2)
FNF:3
FNH:2
FNDA:1,(anonymous_0)
FNDA:0,(anonymous_1)
FNDA:1,(anonymous_2)
DA:7,1
DA:8,1
DA:11,1
DA:15,0
DA:16,0
DA:22,1
LF:6
LH:4
BRF:0
BRH:0
end_of_record
TN:
SF:/Users/andeladeveloper/Documents/projects/news-feed-application/src/dispatcher/AppDispatcher.js
FNF:0
FNH:0
LF:0
LH:0
BRF:0
BRH:0
end_of_record
